============================================================
   Tang Dynasty, V6.2.168116
   Copyright (c) 2012-2025 Anlogic Inc.
   Executable = C:/Anlogic/TD_6.2.1_Engineer_6.2.168.116/bin/td.exe
   Built at =   16:32:07 Jun 12 2025
   Run by =     ª∆∫£»™
   Run Date =   Fri May 22 23:59:18 2026

   Run on =     DESKTOP-L8QSQ8D
============================================================
ARC-1001 : Device Initialization.
ARC-1001 : --------------------------------------------------------
ARC-1001 :           OPTION          |      IO       |   SETTING   
ARC-1001 : --------------------------------------------------------
ARC-1001 :   non_jtag_persist(none)  |    35 IOs     |    gpio    
ARC-1001 :            jtag           |  F9/J6/G6/F6  |  dedicate  
ARC-1001 : --------------------------------------------------------
RUN-1003 : finish command "import_device dr1_90.db -package DR1M90GEG400 -speed 2" in  2.583117s wall, 2.328125s user + 0.078125s system = 2.406250s CPU (93.2%)

RUN-1004 : used memory is 509 MB, reserved memory is 433 MB, peak memory is 543 MB
RUN-1002 : start command "commit_param -step design"
RUN-1001 : Print Global Property
RUN-1001 : --------------------------------------------------------
RUN-1001 :   Parameters   |  Settings  |  Default Values  |  Note  
RUN-1001 : --------------------------------------------------------
RUN-1001 :   enable_seed  |    off     |       off        |        
RUN-1001 :     message    |  standard  |     standard     |        
RUN-1001 :   qor_monitor  |     on     |        on        |        
RUN-1001 :   syn_ip_flow  |    off     |       off        |        
RUN-1001 :     thread     |    auto    |       auto       |        
RUN-1001 : --------------------------------------------------------
RUN-1001 : Print Design Property
RUN-1001 : ----------------------------------------------------------------
RUN-1001 :       Parameters       |  Settings  |  Default Values  |  Note  
RUN-1001 : ----------------------------------------------------------------
RUN-1001 :   default_reg_initial  |    auto    |       auto       |        
RUN-1001 :    hdl_warning_level   |   normal   |      normal      |        
RUN-1001 : ----------------------------------------------------------------
HDL-5007 WARNING: could not find top-level module/unit; aborting hierarchy tree creation
